error: Mar-04-2022 21:49:59: 	null
info: Mar-04-2022 21:57:51: 	Server running on port 3000!
error: Mar-04-2022 21:57:51: 	null
info: Mar-04-2022 21:59:09: 	{"fieldname":"profile-file","originalname":"isaac-quesada-HjmUDQRqT2Y-unsplash.jpg","encoding":"7bit","mimetype":"image/jpeg","destination":"./uploads","filename":"isaac-quesada-HjmUDQRqT2Y-unsplash.jpg","path":"uploads\\isaac-quesada-HjmUDQRqT2Y-unsplash.jpg","size":1004654}
info: Mar-04-2022 21:59:09: 	Connected to Mysql!
info: Mar-04-2022 21:59:33: 	Server running on port 3000!
error: Mar-04-2022 21:59:33: 	null
info: Mar-04-2022 22:01:02: 	{"fieldname":"profile-file","originalname":"maxresdefault (1).jpg","encoding":"7bit","mimetype":"image/jpeg","destination":"./uploads","filename":"maxresdefault (1).jpg","path":"uploads\\maxresdefault (1).jpg","size":101498}
info: Mar-04-2022 22:01:02: 	Connected to Mysql!
info: Mar-04-2022 22:05:50: 	Server running on port 3000!
error: Mar-04-2022 22:05:50: 	null
info: Mar-04-2022 22:05:59: 	{"fieldname":"profile-file","originalname":"240_F_228271553_LUViPak2OFPun53UgvkE21BlTr7uC3KO-removebg-preview.png","encoding":"7bit","mimetype":"image/png","destination":"./uploads","filename":"240_F_228271553_LUViPak2OFPun53UgvkE21BlTr7uC3KO-removebg-preview.png","path":"uploads\\240_F_228271553_LUViPak2OFPun53UgvkE21BlTr7uC3KO-removebg-preview.png","size":27247}
info: Mar-04-2022 22:05:59: 	Connected to Mysql!
info: Mar-04-2022 22:06:57: 	Server running on port 3000!
error: Mar-04-2022 22:06:57: 	null
info: Mar-04-2022 22:07:04: 	Connected to Mysql!
info: Mar-05-2022 00:14:34: 	Server running on port 3000!
info: Mar-05-2022 00:15:52: 	Server running on port 3000!
error: Mar-05-2022 00:15:52: 	null
info: Mar-05-2022 00:16:35: 	Server running on port 3000!
error: Mar-05-2022 00:16:35: 	null
info: Logs: [Mar-05-2022 02:10:26]: Server running on port 3000!
info: Logs: [Mar-05-2022 02:10:34]: http://127.0.0.1:3000/274382502_279308364337686_6961676704917046744_n.jpg
info: Logs: [Mar-05-2022 02:12:01]: http://127.0.0.1:3000/julia-barretto-profile-picture-idea-1598430021.jpg
info: Logs: [Mar-05-2022 02:12:35]: [{"fieldname":"profile-files","originalname":"peakpx (5).jpg","encoding":"7bit","mimetype":"image/jpeg","destination":"./uploads","filename":"peakpx (5).jpg","path":"uploads\\peakpx (5).jpg","size":370656},{"fieldname":"profile-files","originalname":"peakpx (4).jpg","encoding":"7bit","mimetype":"image/jpeg","destination":"./uploads","filename":"peakpx (4).jpg","path":"uploads\\peakpx (4).jpg","size":174696}]
